<?xml version="1.0" encoding="UTF-8"?>
<!-- Generated by org.testng.reporters.JUnitXMLReporter -->
<testsuite hostname="InnovationM-117" ignored="1" name="Default test" tests="1" failures="0" timestamp="2021-02-11T12:30:38 IST" time="25.688" errors="0">
  <testcase name="registerAsStudent" time="17.439" classname="com.ht_olympiad.testcases.registerStudent"/>
  <testcase name="registerSchool" time="0.0" classname="com.ht_olympiad.testcases.BaseClass">
    <ignored/>
  </testcase> <!-- registerSchool -->
</testsuite> <!-- Default test -->
