<?xml version="1.0" encoding="UTF-8"?>
<!-- Generated by org.testng.reporters.JUnitXMLReporter -->
<testsuite hostname="InnovationM-117" ignored="3" name="Hindustan Olympiad" tests="2" failures="0" timestamp="2021-02-11T14:26:41 IST" time="46.845" errors="0">
  <testcase name="registerasSchool" time="29.999" classname="com.ht_olympiad.testcases.registerSchool"/>
  <testcase name="registerAsStudent" time="16.644" classname="com.ht_olympiad.testcases.registerStudent"/>
  <testcase name="@BeforeSuite setUp" time="0.0" classname="com.ht_olympiad.main.baseClass">
    <ignored/>
  </testcase> <!-- @BeforeSuite setUp -->
  <testcase name="verifyWebsite" time="0.0" classname="com.ht_olympiad.testcases.registerSchool">
    <ignored/>
  </testcase> <!-- verifyWebsite -->
  <testcase name="@AfterSuite tearDown" time="0.0" classname="com.ht_olympiad.main.baseClass">
    <ignored/>
  </testcase> <!-- @AfterSuite tearDown -->
</testsuite> <!-- Hindustan Olympiad -->
