<?xml version="1.0" encoding="UTF-8"?>
<testng-results skipped="0" failed="0" ignored="3" total="5" passed="2">
  <reporter-output>
  </reporter-output>
  <suite name="HT Olympiad" duration-ms="46845" started-at="2021-02-11T14:25:49 IST" finished-at="2021-02-11T14:26:36 IST">
    <groups>
    </groups>
    <test name="Hindustan Olympiad" duration-ms="46845" started-at="2021-02-11T14:25:49 IST" finished-at="2021-02-11T14:26:36 IST">
      <class name="com.ht_olympiad.testcases.registerStudent">
        <test-method status="PASS" signature="registerAsStudent()[pri:2, instance:com.ht_olympiad.testcases.registerStudent@458c1321]" name="registerAsStudent" duration-ms="16644" started-at="2021-02-11T14:26:19 IST" finished-at="2021-02-11T14:26:36 IST">
          <reporter-output>
          </reporter-output>
        </test-method> <!-- registerAsStudent -->
      </class> <!-- com.ht_olympiad.testcases.registerStudent -->
      <class name="com.ht_olympiad.testcases.registerSchool">
        <test-method status="PASS" signature="setUp()[pri:0, instance:com.ht_olympiad.testcases.registerSchool@305fd85d]" name="setUp" is-config="true" duration-ms="56865" started-at="2021-02-11T14:24:52 IST" finished-at="2021-02-11T14:25:49 IST">
          <reporter-output>
          </reporter-output>
        </test-method> <!-- setUp -->
        <test-method status="PASS" signature="registerasSchool()[pri:1, instance:com.ht_olympiad.testcases.registerSchool@305fd85d]" name="registerasSchool" duration-ms="29999" started-at="2021-02-11T14:25:49 IST" finished-at="2021-02-11T14:26:19 IST">
          <reporter-output>
          </reporter-output>
        </test-method> <!-- registerasSchool -->
        <test-method status="PASS" signature="tearDown()[pri:0, instance:com.ht_olympiad.testcases.registerSchool@305fd85d]" name="tearDown" is-config="true" duration-ms="1297" started-at="2021-02-11T14:26:41 IST" finished-at="2021-02-11T14:26:42 IST">
          <reporter-output>
          </reporter-output>
        </test-method> <!-- tearDown -->
      </class> <!-- com.ht_olympiad.testcases.registerSchool -->
    </test> <!-- Hindustan Olympiad -->
  </suite> <!-- HT Olympiad -->
</testng-results>
